<?xml version="1.0" encoding="UTF-8"?>
<testsuite name="com.jpabook.jpashop.JpashopApplicationTests" tests="1" skipped="0" failures="0" errors="0" timestamp="2023-07-08T09:50:09" hostname="fedora" time="0.109">
  <properties/>
  <testcase name="contextLoads()" classname="com.jpabook.jpashop.JpashopApplicationTests" time="0.109"/>
  <system-out><![CDATA[18:50:06.647 [Test worker] DEBUG org.springframework.test.context.BootstrapUtils - Instantiating CacheAwareContextLoaderDelegate from class [org.springframework.test.context.cache.DefaultCacheAwareContextLoaderDelegate]
18:50:06.658 [Test worker] DEBUG org.springframework.test.context.BootstrapUtils - Instantiating BootstrapContext using constructor [public org.springframework.test.context.support.DefaultBootstrapContext(java.lang.Class,org.springframework.test.context.CacheAwareContextLoaderDelegate)]
18:50:06.690 [Test worker] DEBUG org.springframework.test.context.BootstrapUtils - Instantiating TestContextBootstrapper for test class [com.jpabook.jpashop.JpashopApplicationTests] from class [org.springframework.boot.test.context.SpringBootTestContextBootstrapper]
18:50:06.701 [Test worker] INFO org.springframework.boot.test.context.SpringBootTestContextBootstrapper - Neither @ContextConfiguration nor @ContextHierarchy found for test class [com.jpabook.jpashop.JpashopApplicationTests], using SpringBootContextLoader
18:50:06.704 [Test worker] DEBUG org.springframework.test.context.support.AbstractContextLoader - Did not detect default resource location for test class [com.jpabook.jpashop.JpashopApplicationTests]: class path resource [com/jpabook/jpashop/JpashopApplicationTests-context.xml] does not exist
18:50:06.705 [Test worker] DEBUG org.springframework.test.context.support.AbstractContextLoader - Did not detect default resource location for test class [com.jpabook.jpashop.JpashopApplicationTests]: class path resource [com/jpabook/jpashop/JpashopApplicationTestsContext.groovy] does not exist
18:50:06.705 [Test worker] INFO org.springframework.test.context.support.AbstractContextLoader - Could not detect default resource locations for test class [com.jpabook.jpashop.JpashopApplicationTests]: no resource found for suffixes {-context.xml, Context.groovy}.
18:50:06.705 [Test worker] INFO org.springframework.test.context.support.AnnotationConfigContextLoaderUtils - Could not detect default configuration classes for test class [com.jpabook.jpashop.JpashopApplicationTests]: JpashopApplicationTests does not declare any static, non-private, non-final, nested classes annotated with @Configuration.
18:50:06.741 [Test worker] DEBUG org.springframework.test.context.support.ActiveProfilesUtils - Could not find an 'annotation declaring class' for annotation type [org.springframework.test.context.ActiveProfiles] and class [com.jpabook.jpashop.JpashopApplicationTests]
18:50:06.784 [Test worker] DEBUG org.springframework.context.annotation.ClassPathScanningCandidateComponentProvider - Identified candidate component class: file [/home/gyeonghocho/JavaProject/jpashop/build/classes/java/main/com/jpabook/jpashop/JpashopApplication.class]
18:50:06.786 [Test worker] INFO org.springframework.boot.test.context.SpringBootTestContextBootstrapper - Found @SpringBootConfiguration com.jpabook.jpashop.JpashopApplication for test class com.jpabook.jpashop.JpashopApplicationTests
18:50:06.868 [Test worker] DEBUG org.springframework.boot.test.context.SpringBootTestContextBootstrapper - @TestExecutionListeners is not present for class [com.jpabook.jpashop.JpashopApplicationTests]: using defaults.
18:50:06.868 [Test worker] INFO org.springframework.boot.test.context.SpringBootTestContextBootstrapper - Loaded default TestExecutionListener class names from location [META-INF/spring.factories]: [org.springframework.boot.test.autoconfigure.restdocs.RestDocsTestExecutionListener, org.springframework.boot.test.autoconfigure.web.client.MockRestServiceServerResetTestExecutionListener, org.springframework.boot.test.autoconfigure.web.servlet.MockMvcPrintOnlyOnFailureTestExecutionListener, org.springframework.boot.test.autoconfigure.web.servlet.WebDriverTestExecutionListener, org.springframework.boot.test.autoconfigure.webservices.client.MockWebServiceServerTestExecutionListener, org.springframework.boot.test.mock.mockito.MockitoTestExecutionListener, org.springframework.boot.test.mock.mockito.ResetMocksTestExecutionListener, org.springframework.test.context.web.ServletTestExecutionListener, org.springframework.test.context.support.DirtiesContextBeforeModesTestExecutionListener, org.springframework.test.context.event.ApplicationEventsTestExecutionListener, org.springframework.test.context.support.DependencyInjectionTestExecutionListener, org.springframework.test.context.support.DirtiesContextTestExecutionListener, org.springframework.test.context.transaction.TransactionalTestExecutionListener, org.springframework.test.context.jdbc.SqlScriptsTestExecutionListener, org.springframework.test.context.event.EventPublishingTestExecutionListener]
18:50:06.881 [Test worker] INFO org.springframework.boot.test.context.SpringBootTestContextBootstrapper - Using TestExecutionListeners: [org.springframework.test.context.web.ServletTestExecutionListener@3f446bef, org.springframework.test.context.support.DirtiesContextBeforeModesTestExecutionListener@7829b776, org.springframework.test.context.event.ApplicationEventsTestExecutionListener@5778826f, org.springframework.boot.test.mock.mockito.MockitoTestExecutionListener@5b64c4b7, org.springframework.boot.test.autoconfigure.SpringBootDependencyInjectionTestExecutionListener@4763c727, org.springframework.test.context.support.DirtiesContextTestExecutionListener@72445aba, org.springframework.test.context.transaction.TransactionalTestExecutionListener@61bcd567, org.springframework.test.context.jdbc.SqlScriptsTestExecutionListener@1c80e49b, org.springframework.test.context.event.EventPublishingTestExecutionListener@458342d3, org.springframework.boot.test.autoconfigure.restdocs.RestDocsTestExecutionListener@15c25153, org.springframework.boot.test.autoconfigure.web.client.MockRestServiceServerResetTestExecutionListener@1252b961, org.springframework.boot.test.autoconfigure.web.servlet.MockMvcPrintOnlyOnFailureTestExecutionListener@9ed238c, org.springframework.boot.test.autoconfigure.web.servlet.WebDriverTestExecutionListener@56276db8, org.springframework.boot.test.autoconfigure.webservices.client.MockWebServiceServerTestExecutionListener@51e8e6e6, org.springframework.boot.test.mock.mockito.ResetMocksTestExecutionListener@56f6d40b]
18:50:06.884 [Test worker] DEBUG org.springframework.test.context.support.AbstractDirtiesContextTestExecutionListener - Before test class: context [DefaultTestContext@773cbf4f testClass = JpashopApplicationTests, testInstance = [null], testMethod = [null], testException = [null], mergedContextConfiguration = [WebMergedContextConfiguration@6b54655f testClass = JpashopApplicationTests, locations = '{}', classes = '{class com.jpabook.jpashop.JpashopApplication}', contextInitializerClasses = '[]', activeProfiles = '{}', propertySourceLocations = '{}', propertySourceProperties = '{org.springframework.boot.test.context.SpringBootTestContextBootstrapper=true}', contextCustomizers = set[org.springframework.boot.test.autoconfigure.actuate.metrics.MetricsExportContextCustomizerFactory$DisableMetricExportContextCustomizer@6af9fcb2, org.springframework.boot.test.autoconfigure.properties.PropertyMappingContextCustomizer@0, org.springframework.boot.test.autoconfigure.web.servlet.WebDriverContextCustomizerFactory$Customizer@3adcc812, org.springframework.boot.test.context.filter.ExcludeFilterContextCustomizer@a3d9978, org.springframework.boot.test.json.DuplicateJsonObjectContextCustomizerFactory$DuplicateJsonObjectContextCustomizer@1e461e41, org.springframework.boot.test.mock.mockito.MockitoContextCustomizer@0, org.springframework.boot.test.web.client.TestRestTemplateContextCustomizer@598bd2ba, org.springframework.boot.test.context.SpringBootTestArgs@1, org.springframework.boot.test.context.SpringBootTestWebEnvironment@21b2e768], resourceBasePath = 'src/main/webapp', contextLoader = 'org.springframework.boot.test.context.SpringBootContextLoader', parent = [null]], attributes = map['org.springframework.test.context.web.ServletTestExecutionListener.activateListener' -> true]], class annotated with @DirtiesContext [false] with mode [null].

  .   ____          _            __ _ _
 /\\ / ___'_ __ _ _(_)_ __  __ _ \ \ \ \
( ( )\___ | '_ | '_| | '_ \/ _` | \ \ \ \
 \\/  ___)| |_)| | | | | || (_| |  ) ) ) )
  '  |____| .__|_| |_|_| |_\__, | / / / /
 =========|_|==============|___/=/_/_/_/
 :: Spring Boot ::               (v2.7.13)

2023-07-08 18:50:07.269  INFO 45392 --- [    Test worker] c.j.jpashop.JpashopApplicationTests      : Starting JpashopApplicationTests using Java 11.0.19 on fedora with PID 45392 (started by gyeonghocho in /home/gyeonghocho/JavaProject/jpashop)
2023-07-08 18:50:07.270  INFO 45392 --- [    Test worker] c.j.jpashop.JpashopApplicationTests      : No active profile set, falling back to 1 default profile: "default"
2023-07-08 18:50:07.775  INFO 45392 --- [    Test worker] .s.d.r.c.RepositoryConfigurationDelegate : Bootstrapping Spring Data JPA repositories in DEFAULT mode.
2023-07-08 18:50:07.785  INFO 45392 --- [    Test worker] .s.d.r.c.RepositoryConfigurationDelegate : Finished Spring Data repository scanning in 4 ms. Found 0 JPA repository interfaces.
2023-07-08 18:50:08.252  INFO 45392 --- [    Test worker] o.hibernate.jpa.internal.util.LogHelper  : HHH000204: Processing PersistenceUnitInfo [name: default]
2023-07-08 18:50:08.289  INFO 45392 --- [    Test worker] org.hibernate.Version                    : HHH000412: Hibernate ORM core version 5.6.15.Final
2023-07-08 18:50:08.408  INFO 45392 --- [    Test worker] o.hibernate.annotations.common.Version   : HCANN000001: Hibernate Commons Annotations {5.1.2.Final}
2023-07-08 18:50:08.498  INFO 45392 --- [    Test worker] com.zaxxer.hikari.HikariDataSource       : HikariPool-1 - Starting...
2023-07-08 18:50:08.561  INFO 45392 --- [    Test worker] com.zaxxer.hikari.HikariDataSource       : HikariPool-1 - Start completed.
2023-07-08 18:50:08.584  INFO 45392 --- [    Test worker] org.hibernate.dialect.Dialect            : HHH000400: Using dialect: org.hibernate.dialect.H2Dialect
2023-07-08 18:50:08.956 DEBUG 45392 --- [    Test worker] org.hibernate.SQL                        : 
    
    drop table if exists member CASCADE 
2023-07-08 18:50:08.960 DEBUG 45392 --- [    Test worker] org.hibernate.SQL                        : 
    
    drop sequence if exists hibernate_sequence
2023-07-08 18:50:08.962 DEBUG 45392 --- [    Test worker] org.hibernate.SQL                        : create sequence hibernate_sequence start with 1 increment by 1
2023-07-08 18:50:08.963 DEBUG 45392 --- [    Test worker] org.hibernate.SQL                        : 
    
    create table member (
       id bigint not null,
        username varchar(255),
        primary key (id)
    )
2023-07-08 18:50:08.965  INFO 45392 --- [    Test worker] o.h.e.t.j.p.i.JtaPlatformInitiator       : HHH000490: Using JtaPlatform implementation: [org.hibernate.engine.transaction.jta.platform.internal.NoJtaPlatform]
2023-07-08 18:50:08.974  INFO 45392 --- [    Test worker] j.LocalContainerEntityManagerFactoryBean : Initialized JPA EntityManagerFactory for persistence unit 'default'
2023-07-08 18:50:09.229  WARN 45392 --- [    Test worker] JpaBaseConfiguration$JpaWebConfiguration : spring.jpa.open-in-view is enabled by default. Therefore, database queries may be performed during view rendering. Explicitly configure spring.jpa.open-in-view to disable this warning
2023-07-08 18:50:09.513  INFO 45392 --- [    Test worker] o.s.b.a.w.s.WelcomePageHandlerMapping    : Adding welcome page: class path resource [static/index.html]
2023-07-08 18:50:09.882  INFO 45392 --- [    Test worker] c.j.jpashop.JpashopApplicationTests      : Started JpashopApplicationTests in 2.97 seconds (JVM running for 3.777)
]]></system-out>
  <system-err><![CDATA[]]></system-err>
</testsuite>
